<?xml version="1.0" encoding="UTF-8"?>
<!-- Generated by org.testng.reporters.JUnitXMLReporter -->
<testsuite ignored="0" hostname="SSIPL-20211215-02" failures="0" tests="4" name="Default test" time="86.332" errors="0" timestamp="2022-10-09T21:32:35 IST">
  <testcase classname="com.movies.VerifyMovieDetails" name="verifyMovieDetails" time="24.257"/>
  <testcase classname="com.movies.VerifyMovieDetails" name="verifyMovieDetails" time="18.514"/>
  <testcase classname="com.movies.VerifyMovieDetails" name="verifyMovieDetails" time="21.253"/>
  <testcase classname="com.movies.VerifyMovieDetails" name="verifyMovieDetails" time="20.613"/>
</testsuite> <!-- Default test -->
